<?xml version="1.0" encoding="UTF-8"?>
<!-- Generated by org.testng.reporters.JUnitReportReporter -->
<testsuite hostname="Sai" failures="0" tests="2" name="testcases.LoginTest" time="6.781" errors="0" timestamp="23 Apr 2023 07:34:21 GMT" skipped="0">
  <testcase classname="testcases.LoginTest" name="validLogin" time="3.885"/>
  <testcase classname="testcases.LoginTest" name="invalidLogin" time="2.896"/>
</testsuite> <!-- testcases.LoginTest -->
