<?xml version="1.0" encoding="UTF-8"?>
<!-- Generated by org.testng.reporters.JUnitReportReporter -->
<testsuite skipped="0" hostname="Sai" name="testcases.LoginTest" tests="2" failures="0" timestamp="23 Apr 2023 07:48:19 GMT" time="7.720" errors="0">
  <testcase name="invalidLogin" time="4.267" classname="testcases.LoginTest"/>
  <testcase name="validLogin" time="3.453" classname="testcases.LoginTest"/>
</testsuite> <!-- testcases.LoginTest -->
